<?xml version="1.0" encoding="UTF-8"?>
<!-- Generated by org.testng.reporters.JUnitReportReporter -->
<testsuite name="Test2" pwa.tests="2" time="19.011" ignored="0" failures="0" timestamp="22 Jun 2017 06:59:41 GMT" skipped="0" hostname="MacBook-Pro" errors="0">
  <testcase name="Yandex2" time="9.598" classname="Test2"/>
  <testcase name="Google2" time="9.413" classname="Test2"/>
</testsuite> <pwa.tests.Test2est2 -->
